SF:lib/models/animation_config.g.dart
DA:13,0
DA:15,0
DA:16,0
DA:17,0
DA:19,0
DA:20,0
DA:21,0
DA:22,0
DA:23,0
DA:24,0
DA:25,0
DA:26,0
DA:27,0
DA:28,0
DA:29,0
DA:30,0
DA:31,0
DA:32,0
DA:33,0
DA:34,0
DA:35,0
DA:36,0
DA:37,0
DA:38,0
DA:42,0
DA:45,0
DA:46,0
DA:47,0
DA:48,0
DA:49,0
DA:50,0
DA:51,0
DA:52,0
DA:53,0
DA:54,0
DA:55,0
DA:56,0
DA:57,0
DA:58,0
DA:59,0
DA:60,0
DA:61,0
DA:62,0
DA:63,0
DA:64,0
DA:65,0
DA:66,0
DA:67,0
DA:68,0
DA:69,0
DA:70,0
DA:71,0
DA:72,0
DA:73,0
DA:74,0
DA:75,0
DA:76,0
DA:77,0
DA:78,0
DA:79,0
DA:80,0
DA:81,0
DA:82,0
DA:83,0
DA:86,0
DA:87,0
DA:89,0
DA:92,0
DA:93,0
DA:94,0
LF:70
LH:0
end_of_record
SF:lib/models/animation_config.dart
DA:64,7
DA:84,7
DA:86,1
DA:107,1
DA:108,1
DA:109,1
DA:110,1
DA:111,1
DA:112,1
DA:113,1
DA:114,1
DA:115,1
DA:116,1
DA:117,1
DA:118,1
DA:119,1
DA:120,1
DA:121,2
DA:122,1
DA:123,1
DA:124,1
DA:125,1
DA:126,1
DA:130,8
DA:131,4
DA:132,4
DA:133,4
DA:134,4
DA:135,4
DA:136,4
DA:137,4
DA:138,4
DA:139,4
DA:140,4
DA:141,4
DA:142,4
DA:143,4
DA:144,4
DA:145,4
DA:146,4
DA:147,4
DA:148,4
DA:149,4
DA:152,4
DA:153,4
DA:154,4
DA:155,8
DA:156,8
DA:157,4
DA:158,4
DA:159,8
DA:160,8
DA:161,8
DA:162,8
DA:163,8
DA:164,8
DA:165,5
DA:166,5
DA:167,9
DA:168,4
DA:169,8
DA:170,8
DA:171,8
DA:172,8
LF:64
LH:64
end_of_record
SF:lib/models/workspace.dart
DA:29,8
DA:51,8
DA:52,8
DA:53,8
DA:54,8
DA:55,8
DA:56,8
DA:58,2
DA:59,1
DA:60,1
DA:61,1
DA:62,6
DA:63,5
DA:64,1
DA:65,1
DA:66,1
DA:67,1
DA:68,1
DA:69,5
DA:70,1
DA:71,1
DA:72,1
DA:73,5
DA:74,1
DA:75,1
DA:76,1
DA:77,1
DA:78,1
DA:79,1
DA:82,1
DA:83,1
DA:84,1
DA:85,1
DA:86,1
DA:87,1
DA:88,1
DA:89,6
DA:90,1
DA:91,1
DA:92,5
DA:93,1
DA:94,3
DA:95,1
DA:96,1
DA:97,1
DA:98,1
DA:99,1
DA:100,5
DA:101,1
DA:102,1
DA:103,1
DA:104,1
DA:105,5
DA:106,2
DA:107,1
DA:108,2
DA:109,1
DA:110,3
DA:111,2
LF:59
LH:59
end_of_record
SF:lib/models/group.dart
DA:9,5
DA:14,1
DA:15,5
DA:17,4
DA:18,2
DA:19,2
DA:20,2
DA:21,4
DA:24,1
DA:25,1
DA:26,1
DA:27,1
DA:28,3
DA:29,3
LF:14
LH:14
end_of_record
SF:lib/models/background_image.dart
DA:13,2
DA:26,2
DA:27,1
DA:28,1
DA:29,1
DA:30,1
DA:31,1
DA:32,1
DA:33,1
DA:34,1
DA:35,1
DA:36,1
DA:39,1
DA:40,1
DA:41,1
DA:42,1
DA:43,1
DA:44,2
DA:45,2
DA:46,2
DA:47,2
DA:48,2
DA:49,1
DA:50,1
LF:24
LH:24
end_of_record
SF:lib/models/trajectory.dart
DA:5,3
DA:6,1
DA:8,2
DA:9,1
DA:10,5
DA:13,1
DA:14,1
DA:15,1
DA:16,1
DA:17,5
DA:26,3
DA:28,4
DA:30,1
DA:31,1
DA:32,2
DA:33,2
LF:16
LH:16
end_of_record
SF:lib/providers/svg_provider.dart
DA:28,0
DA:29,0
DA:30,0
DA:31,0
DA:32,0
DA:33,0
DA:39,0
DA:41,0
DA:42,0
DA:43,0
DA:45,0
DA:47,0
DA:48,0
DA:50,0
DA:53,0
DA:55,0
DA:56,0
DA:57,0
DA:65,0
DA:67,0
DA:68,0
DA:69,0
DA:70,0
DA:71,0
DA:72,0
DA:74,0
DA:78,0
DA:79,0
DA:80,0
DA:82,0
DA:83,0
DA:84,0
DA:86,0
DA:90,0
DA:91,0
DA:92,0
DA:94,0
DA:95,0
DA:96,0
DA:98,0
DA:99,0
DA:101,0
DA:105,0
DA:106,0
DA:107,0
DA:108,0
DA:111,0
DA:114,0
DA:115,0
DA:116,0
DA:117,0
DA:118,0
DA:121,0
DA:122,0
DA:123,0
DA:124,0
DA:126,0
DA:134,0
DA:135,0
DA:136,0
DA:139,0
DA:140,0
DA:141,0
DA:144,0
DA:145,0
DA:146,0
DA:153,0
DA:154,0
DA:155,0
DA:156,0
DA:159,0
DA:160,0
DA:161,0
DA:162,0
DA:165,0
DA:166,0
DA:167,0
DA:168,0
DA:171,0
DA:172,0
DA:173,0
DA:174,0
DA:177,0
DA:178,0
DA:179,0
DA:180,0
DA:183,0
DA:184,0
DA:185,0
DA:186,0
DA:189,0
DA:190,0
DA:191,0
DA:192,0
DA:195,0
DA:196,0
DA:197,0
DA:198,0
DA:201,0
DA:202,0
DA:203,0
DA:204,0
DA:207,0
DA:208,0
DA:209,0
DA:210,0
DA:213,0
DA:214,0
DA:215,0
DA:216,0
DA:219,0
DA:220,0
DA:221,0
DA:222,0
DA:225,0
DA:226,0
DA:227,0
DA:228,0
DA:231,0
DA:232,0
DA:233,0
DA:234,0
DA:241,0
DA:242,0
DA:243,0
DA:244,0
DA:245,0
DA:248,0
DA:249,0
DA:250,0
DA:251,0
DA:252,0
DA:255,0
DA:256,0
DA:257,0
DA:258,0
DA:265,0
DA:266,0
DA:267,0
DA:274,0
DA:275,0
DA:276,0
DA:277,0
DA:281,0
DA:282,0
DA:283,0
DA:284,0
DA:291,0
DA:292,0
DA:294,0
DA:295,0
DA:296,0
DA:300,0
DA:301,0
DA:302,0
DA:310,0
DA:311,0
DA:312,0
DA:315,0
DA:316,0
DA:317,0
DA:324,0
DA:325,0
DA:328,0
DA:330,0
DA:331,0
DA:333,0
DA:334,0
DA:337,0
DA:341,0
DA:343,0
DA:344,0
DA:345,0
DA:347,0
DA:351,0
DA:352,0
LF:176
LH:0
end_of_record
SF:lib/providers/theme_provider.dart
DA:6,0
DA:8,0
DA:9,0
DA:10,0
LF:4
LH:0
end_of_record
SF:lib/screens/home_screen.dart
DA:16,2
DA:17,2
DA:23,2
DA:24,4
DA:27,2
DA:29,2
DA:31,2
DA:32,2
DA:33,2
DA:34,4
DA:35,6
DA:38,2
DA:39,2
DA:40,2
DA:41,4
DA:42,7
DA:49,2
DA:50,2
DA:52,2
DA:53,2
DA:54,2
DA:55,4
DA:60,2
DA:61,2
DA:63,6
DA:64,0
DA:67,2
DA:69,6
DA:70,0
DA:73,2
DA:75,2
DA:81,2
DA:82,2
DA:83,2
DA:84,2
DA:85,2
DA:87,1
DA:88,1
DA:89,1
DA:90,1
DA:91,2
DA:92,2
DA:96,1
DA:97,2
DA:98,1
DA:99,1
DA:100,1
DA:102,1
DA:103,2
DA:109,2
DA:110,2
DA:111,2
DA:112,2
DA:114,2
DA:115,2
DA:116,2
DA:117,2
DA:118,2
DA:121,2
DA:131,4
DA:136,1
DA:137,1
DA:138,1
DA:139,1
DA:141,1
DA:142,1
DA:143,1
DA:144,1
DA:145,1
DA:146,1
DA:147,2
DA:148,1
DA:149,2
DA:154,1
DA:155,2
DA:159,1
DA:160,2
DA:173,2
DA:178,1
DA:179,1
DA:180,0
DA:181,0
DA:183,0
DA:184,0
DA:185,0
DA:188,0
DA:190,0
DA:191,0
DA:193,0
DA:194,0
DA:197,0
DA:198,0
DA:199,0
DA:207,0
DA:209,0
DA:210,0
DA:213,0
DA:227,0
DA:228,0
DA:229,0
DA:231,0
DA:232,0
DA:233,0
DA:236,0
DA:239,0
DA:242,0
DA:245,0
DA:249,0
DA:251,0
DA:252,0
DA:259,0
DA:260,0
DA:261,0
DA:264,0
DA:265,0
DA:266,0
DA:267,0
DA:269,0
DA:270,0
DA:271,0
DA:273,0
DA:274,0
DA:275,0
DA:276,0
DA:280,0
DA:289,1
DA:291,1
DA:292,1
DA:293,1
DA:294,2
DA:297,1
DA:307,1
DA:308,1
DA:309,2
DA:312,1
DA:313,0
DA:320,0
DA:322,0
DA:323,0
DA:324,0
DA:331,0
DA:333,0
DA:334,0
DA:335,0
DA:336,0
DA:342,0
DA:344,0
DA:345,0
DA:347,0
DA:348,0
DA:349,0
DA:357,0
DA:358,0
DA:359,0
DA:362,0
DA:363,0
DA:365,0
DA:366,0
DA:367,0
DA:371,0
DA:372,0
DA:373,0
DA:374,0
LF:163
LH:88
end_of_record
SF:lib/widgets/empty_state.dart
DA:5,2
DA:7,2
DA:8,2
DA:10,2
DA:11,2
DA:17,2
DA:19,2
DA:26,2
DA:28,2
LF:9
LH:9
end_of_record
SF:lib/widgets/bottom_nav.dart
DA:8,2
DA:12,2
DA:14,2
DA:16,2
DA:21,2
DA:22,2
DA:24,2
DA:25,2
DA:26,2
DA:27,2
DA:28,2
DA:29,2
DA:36,2
DA:37,4
DA:38,2
DA:39,6
DA:41,2
DA:43,2
DA:45,2
DA:46,2
DA:52,2
DA:54,2
LF:22
LH:22
end_of_record
SF:lib/widgets/svg_preview.dart
DA:15,2
DA:17,2
DA:18,2
DA:19,2
DA:20,2
DA:23,1
DA:25,3
DA:26,1
DA:28,1
DA:29,1
DA:30,1
DA:33,1
DA:34,1
DA:37,1
DA:40,1
DA:47,1
DA:48,1
DA:50,1
DA:51,1
DA:52,1
DA:55,1
DA:62,1
DA:65,1
DA:67,1
DA:68,1
DA:69,1
DA:71,1
DA:72,4
DA:79,1
DA:82,1
DA:83,0
DA:84,1
DA:87,1
DA:88,1
DA:90,1
DA:92,1
DA:101,2
DA:102,1
DA:103,2
DA:104,1
DA:105,1
DA:112,1
DA:113,1
DA:116,1
DA:117,1
DA:118,0
DA:119,0
DA:123,1
DA:124,2
DA:125,1
DA:126,1
DA:127,1
DA:128,1
DA:134,1
DA:135,1
DA:137,0
LF:56
LH:52
end_of_record
SF:lib/widgets/animation_scope.dart
DA:11,1
DA:15,1
DA:16,1
DA:17,1
DA:20,1
DA:21,1
DA:27,1
DA:29,1
DA:30,2
DA:36,1
DA:38,2
DA:39,1
DA:42,1
DA:44,1
DA:45,1
DA:46,2
DA:54,1
DA:59,0
DA:61,0
LF:19
LH:17
end_of_record
SF:lib/widgets/zoom_controls.dart
DA:9,2
DA:11,1
DA:13,1
DA:16,1
DA:17,1
DA:18,1
DA:20,0
DA:21,0
DA:22,0
DA:23,0
DA:24,0
DA:29,1
DA:31,0
DA:32,0
DA:33,0
DA:34,0
DA:35,0
DA:40,1
DA:42,0
DA:43,0
DA:44,0
DA:53,1
DA:54,1
DA:56,1
DA:59,1
DA:60,1
DA:61,1
DA:62,1
DA:64,1
LF:29
LH:16
end_of_record
SF:lib/widgets/pieces_overlay.dart
DA:7,2
DA:8,2
DA:12,2
DA:14,2
DA:15,2
DA:16,2
DA:17,2
DA:18,2
LF:8
LH:8
end_of_record
SF:lib/widgets/trajectory_overlay.dart
DA:7,1
DA:9,1
DA:10,1
DA:11,2
DA:13,1
DA:14,1
DA:25,1
DA:27,1
DA:29,1
DA:30,1
DA:31,1
DA:32,1
DA:34,2
DA:35,0
DA:37,0
DA:38,0
DA:40,0
DA:41,0
DA:44,0
DA:46,0
DA:47,0
DA:50,0
DA:56,0
LF:23
LH:13
end_of_record
SF:lib/core/theme.dart
DA:5,2
DA:6,2
DA:19,2
DA:22,2
DA:23,2
DA:35,2
DA:39,2
LF:7
LH:7
end_of_record
SF:lib/models/svg_element.dart
DA:8,3
LF:1
LH:1
end_of_record
SF:lib/providers/settings_provider.dart
DA:10,0
DA:12,0
DA:14,0
DA:15,0
DA:16,0
DA:18,0
DA:22,0
DA:24,0
DA:25,0
DA:26,0
DA:27,0
DA:29,0
LF:12
LH:0
end_of_record
SF:lib/services/animation_service.dart
DA:9,1
DA:11,2
DA:12,1
DA:13,2
DA:14,2
DA:15,3
DA:17,1
DA:19,2
DA:20,2
DA:22,1
DA:23,3
DA:24,3
DA:27,1
DA:29,2
DA:30,1
DA:34,0
DA:41,1
DA:43,2
DA:44,1
DA:45,1
DA:46,2
DA:50,0
DA:55,1
DA:56,3
DA:59,1
DA:60,3
DA:61,5
DA:62,1
DA:64,1
DA:65,2
DA:66,3
DA:67,2
DA:68,4
DA:72,1
DA:73,3
DA:74,5
DA:75,1
DA:77,1
DA:78,2
DA:80,3
DA:81,3
DA:82,3
DA:83,3
DA:84,3
DA:85,3
DA:87,2
DA:88,2
DA:90,4
DA:91,4
DA:92,4
DA:93,4
DA:94,4
DA:95,4
DA:101,1
DA:102,2
DA:103,2
DA:104,1
DA:105,2
DA:106,1
DA:107,1
DA:108,1
DA:109,2
DA:110,1
DA:111,1
DA:112,1
DA:113,2
DA:114,2
LF:67
LH:65
end_of_record
SF:lib/services/group_service.dart
DA:10,1
DA:12,2
DA:13,2
DA:14,3
DA:15,3
DA:16,1
DA:19,1
DA:20,2
DA:22,2
DA:23,2
DA:24,4
DA:26,2
DA:27,1
DA:30,0
DA:36,1
DA:38,2
DA:39,2
DA:40,1
DA:43,0
DA:48,1
DA:50,2
DA:52,1
DA:55,0
DA:59,1
DA:61,4
LF:25
LH:22
end_of_record
SF:lib/services/trajectory_service.dart
DA:9,1
DA:11,3
DA:12,1
DA:14,1
DA:15,1
DA:16,1
DA:17,1
DA:18,1
DA:19,1
DA:22,2
DA:23,1
DA:24,1
DA:27,0
DA:33,1
DA:35,2
DA:36,2
DA:37,1
DA:38,1
DA:40,3
DA:41,3
DA:42,2
DA:46,0
LF:22
LH:20
end_of_record
SF:lib/services/history_service.dart
DA:11,1
DA:13,5
DA:14,5
DA:16,3
DA:17,6
DA:18,5
DA:20,3
DA:21,2
DA:23,4
DA:25,0
DA:30,1
DA:32,2
DA:33,2
DA:34,4
DA:37,0
DA:43,1
DA:45,5
DA:46,2
DA:47,4
DA:50,0
DA:55,3
DA:56,6
DA:58,1
DA:60,2
DA:61,5
DA:62,2
DA:63,1
DA:65,0
LF:28
LH:24
end_of_record
SF:lib/services/selection_service.dart
DA:7,1
DA:9,2
DA:10,2
DA:12,2
DA:14,1
DA:15,2
DA:16,2
DA:19,0
DA:24,1
DA:25,2
DA:26,2
DA:27,1
DA:31,1
DA:32,2
DA:33,1
DA:34,1
DA:38,1
DA:39,2
DA:40,1
DA:41,2
DA:42,2
LF:21
LH:20
end_of_record
SF:lib/widgets/panel_slider.dart
DA:8,4
DA:10,2
DA:11,2
DA:15,2
DA:17,2
DA:20,4
DA:26,2
DA:27,2
DA:28,2
DA:32,2
DA:34,2
DA:37,6
LF:12
LH:12
end_of_record
SF:lib/widgets/animation_grid.dart
DA:7,1
DA:9,1
DA:10,1
DA:11,2
DA:12,2
DA:14,1
DA:22,1
DA:23,1
DA:24,1
DA:25,2
DA:27,1
DA:28,0
DA:30,0
DA:33,1
DA:34,1
DA:36,0
DA:38,1
DA:39,1
DA:41,0
DA:46,1
DA:48,1
DA:49,1
DA:50,2
DA:55,1
DA:56,1
DA:57,1
DA:74,1
DA:76,1
DA:78,1
DA:80,1
DA:82,1
DA:84,1
DA:86,1
DA:88,1
DA:90,1
DA:92,0
DA:94,0
DA:96,0
DA:98,0
DA:100,0
DA:102,0
DA:104,0
DA:106,0
DA:108,0
DA:110,0
DA:112,0
DA:114,0
DA:116,0
DA:118,0
DA:120,0
DA:122,0
LF:51
LH:31
end_of_record
SF:lib/widgets/controls_panel.dart
DA:11,2
DA:13,2
DA:14,2
DA:15,4
DA:16,2
DA:25,3
DA:26,1
DA:28,1
DA:30,1
DA:32,1
DA:33,1
DA:34,1
DA:37,1
DA:38,1
DA:39,1
DA:41,1
DA:42,1
DA:46,1
DA:48,1
DA:52,1
DA:54,1
DA:56,1
DA:60,1
DA:62,1
DA:63,1
DA:64,1
DA:66,1
DA:71,1
DA:73,1
DA:74,1
DA:75,1
DA:76,1
DA:77,1
DA:78,1
DA:79,1
DA:81,1
DA:82,1
DA:83,1
DA:84,1
DA:85,1
DA:86,1
DA:87,1
DA:89,4
DA:91,2
DA:93,3
DA:95,1
DA:97,1
DA:101,1
DA:103,1
DA:105,1
DA:109,1
DA:112,3
DA:115,1
DA:117,1
DA:121,1
DA:123,1
DA:125,1
DA:130,1
DA:132,1
DA:134,1
DA:138,1
DA:141,3
DA:143,1
DA:145,1
DA:149,1
DA:151,1
DA:153,1
DA:157,1
LF:68
LH:68
end_of_record
SF:lib/widgets/elements_list.dart
DA:8,2
DA:10,2
DA:11,2
DA:12,2
DA:18,2
DA:19,1
DA:20,1
DA:21,2
DA:25,1
DA:26,2
DA:27,2
DA:29,1
DA:30,1
DA:31,4
DA:32,1
DA:34,1
DA:36,1
DA:37,1
DA:39,1
DA:40,2
DA:45,6
DA:46,1
DA:48,1
DA:52,4
DA:53,1
DA:54,1
DA:55,1
DA:56,2
DA:57,1
DA:59,1
DA:60,2
DA:61,1
DA:64,1
DA:65,1
DA:66,1
DA:67,1
DA:71,1
DA:72,1
DA:73,1
DA:76,1
DA:78,1
DA:80,1
DA:81,3
DA:85,1
DA:86,1
DA:88,1
DA:89,1
DA:90,2
DA:93,1
DA:101,1
DA:103,1
DA:118,1
DA:119,1
DA:121,1
DA:122,2
DA:125,1
DA:134,1
DA:135,1
DA:138,1
DA:140,1
DA:141,5
DA:143,1
DA:144,1
DA:145,5
DA:147,1
DA:148,1
DA:150,1
DA:151,2
DA:152,1
DA:153,3
DA:159,1
DA:161,3
DA:163,1
DA:165,2
DA:172,1
DA:173,1
DA:174,1
DA:176,2
DA:179,1
DA:188,1
DA:189,1
DA:190,2
DA:193,1
DA:194,1
DA:195,3
DA:196,1
DA:197,3
DA:198,2
DA:200,1
DA:210,1
DA:211,1
DA:212,1
DA:214,2
DA:217,1
DA:222,1
DA:223,1
DA:224,2
DA:227,1
DA:228,1
DA:229,3
DA:230,3
DA:231,1
DA:241,1
DA:243,1
DA:244,1
DA:246,1
DA:248,1
DA:250,0
DA:252,0
DA:253,0
DA:255,0
DA:257,0
LF:112
LH:107
end_of_record
SF:lib/widgets/shapes_grid.dart
DA:8,2
DA:10,2
DA:17,2
DA:18,2
DA:19,2
DA:21,2
DA:22,1
DA:23,3
DA:25,2
DA:26,2
DA:28,2
DA:29,2
DA:31,2
DA:33,2
DA:34,2
DA:35,2
DA:37,2
DA:38,2
DA:43,2
DA:45,2
DA:46,2
LF:21
LH:21
end_of_record
SF:lib/services/animation_engine.dart
DA:6,1
DA:14,1
DA:15,1
DA:16,1
DA:17,1
DA:18,1
DA:19,1
DA:20,1
DA:21,2
DA:22,1
DA:23,2
DA:24,1
DA:25,2
DA:26,1
DA:27,3
DA:28,1
DA:29,1
DA:30,1
DA:31,2
DA:32,1
DA:33,2
DA:34,1
DA:35,2
DA:36,1
DA:37,1
DA:38,1
DA:39,4
DA:40,1
DA:41,1
DA:42,1
DA:43,1
DA:44,1
DA:45,2
DA:46,1
DA:47,2
DA:48,1
DA:49,2
DA:50,1
DA:51,1
DA:52,1
DA:53,1
DA:54,1
DA:55,1
DA:56,1
DA:57,1
DA:58,1
DA:59,1
DA:60,1
DA:61,1
DA:66,0
DA:71,1
DA:72,1
DA:74,0
DA:75,0
DA:76,0
DA:84,1
DA:85,1
DA:87,0
DA:88,0
DA:89,0
DA:95,1
DA:96,1
DA:98,0
DA:99,0
DA:100,0
DA:106,1
DA:107,2
DA:108,4
DA:109,5
DA:110,2
DA:113,1
DA:114,2
DA:115,4
DA:116,5
DA:117,2
DA:120,1
DA:121,2
DA:122,4
DA:123,5
DA:124,2
DA:127,1
DA:128,3
DA:129,2
DA:130,2
DA:131,2
DA:134,1
DA:135,1
DA:136,3
DA:141,1
DA:142,2
DA:143,5
DA:144,2
DA:145,3
DA:146,2
DA:149,1
DA:150,2
DA:151,4
DA:152,5
DA:153,2
DA:156,1
DA:157,2
DA:158,4
DA:159,5
DA:160,3
DA:161,1
DA:162,1
DA:163,1
DA:170,1
DA:171,1
DA:172,3
DA:173,1
DA:174,2
DA:175,3
DA:176,8
DA:177,2
DA:180,1
DA:181,2
DA:182,2
DA:183,3
DA:184,2
DA:185,5
DA:186,5
DA:187,2
DA:188,1
DA:189,1
DA:190,1
DA:191,1
DA:193,1
DA:194,1
DA:195,1
DA:206,1
DA:207,1
DA:209,0
DA:210,0
DA:211,0
DA:212,0
DA:214,0
DA:221,1
DA:222,2
DA:223,1
DA:224,1
DA:226,1
DA:227,1
DA:228,1
DA:238,1
DA:239,2
DA:240,5
DA:241,2
DA:242,3
DA:243,2
DA:246,1
DA:247,2
DA:248,5
DA:249,2
DA:250,3
DA:251,2
DA:254,1
DA:255,2
DA:256,2
DA:257,1
DA:258,4
DA:259,2
DA:260,3
DA:261,2
DA:265,1
DA:266,5
DA:267,1
DA:271,1
DA:272,1
DA:273,4
DA:274,2
DA:278,1
DA:279,5
DA:280,3
DA:284,1
DA:285,3
DA:286,5
DA:287,3
DA:288,4
DA:289,1
DA:290,1
DA:291,1
DA:296,1
DA:297,1
DA:299,0
DA:300,0
DA:301,0
DA:303,0
DA:313,1
DA:314,4
DA:315,1
DA:318,2
DA:319,2
DA:321,2
DA:324,1
DA:325,3
DA:328,1
DA:330,1
DA:332,1
DA:334,1
DA:336,1
DA:338,1
DA:340,1
LF:203
LH:184
end_of_record
SF:lib/services/svg_parser.dart
DA:11,3
DA:17,3
DA:19,3
DA:24,3
DA:32,3
DA:33,3
DA:43,3
DA:45,3
DA:46,3
DA:48,9
DA:49,1
DA:52,3
DA:55,6
DA:56,9
DA:57,6
DA:59,6
DA:62,3
DA:66,3
DA:67,6
DA:68,12
DA:69,12
DA:71,3
DA:77,9
LF:23
LH:23
end_of_record
SF:lib/widgets/background_layer.dart
DA:7,2
DA:9,2
DA:10,2
DA:11,4
DA:12,2
DA:14,1
DA:16,3
DA:17,3
DA:18,1
DA:19,1
DA:20,1
DA:21,1
DA:22,1
DA:23,2
DA:24,1
DA:25,1
DA:27,0
DA:33,1
LF:18
LH:17
end_of_record
SF:lib/widgets/slider_control.dart
DA:13,1
DA:22,1
DA:24,1
DA:26,1
DA:28,1
DA:29,1
DA:31,1
DA:32,1
DA:33,1
DA:36,1
DA:37,4
DA:46,1
DA:47,1
DA:52,1
DA:53,1
DA:54,1
DA:55,1
DA:56,1
DA:57,1
LF:19
LH:19
end_of_record
SF:lib/widgets/toggle_group.dart
DA:9,1
DA:14,1
DA:16,1
DA:18,1
DA:19,3
DA:20,2
DA:21,1
DA:22,1
DA:23,3
DA:24,1
DA:27,1
DA:29,1
DA:30,1
DA:34,1
DA:35,1
DA:37,1
DA:46,1
DA:52,1
DA:53,1
DA:54,4
LF:20
LH:20
end_of_record
SF:lib/widgets/direction_pad.dart
DA:9,2
DA:11,1
DA:13,1
DA:14,1
DA:15,2
DA:16,2
DA:17,1
DA:19,1
DA:20,1
DA:26,1
DA:35,1
DA:36,1
DA:37,1
DA:38,3
DA:40,1
DA:41,5
DA:42,1
DA:43,1
DA:45,1
DA:46,1
DA:50,1
DA:51,1
DA:52,1
DA:53,1
LF:24
LH:24
end_of_record
